{"name":"hexo","hostname":"XTZJ-1703190316","pid":3304,"level":20,"msg":"Hexo version: \u001b[35m3.7.0\u001b[39m","time":"2018-04-01T10:08:27.369Z","v":0}
{"name":"hexo","hostname":"XTZJ-1703190316","pid":3304,"level":20,"msg":"Working directory: \u001b[35m~\\Documents\\GitHub\\Archetype\\\u001b[39m","time":"2018-04-01T10:08:27.372Z","v":0}
{"name":"hexo","hostname":"XTZJ-1703190316","pid":3304,"level":20,"msg":"Updating package.json","time":"2018-04-01T10:08:27.565Z","v":0}
{"name":"hexo","hostname":"XTZJ-1703190316","pid":3304,"level":20,"msg":"Config loaded: \u001b[35m~\\Documents\\GitHub\\Archetype\\_config.yml\u001b[39m","time":"2018-04-01T10:08:27.573Z","v":0}
{"name":"hexo","hostname":"XTZJ-1703190316","pid":3304,"level":20,"msg":"Plugin loaded: \u001b[35mhexo-generator-archive\u001b[39m","time":"2018-04-01T10:08:27.600Z","v":0}
{"name":"hexo","hostname":"XTZJ-1703190316","pid":3304,"level":20,"msg":"Plugin loaded: \u001b[35mhexo-generator-category\u001b[39m","time":"2018-04-01T10:08:27.605Z","v":0}
{"name":"hexo","hostname":"XTZJ-1703190316","pid":3304,"level":20,"msg":"Plugin loaded: \u001b[35mhexo-renderer-ejs\u001b[39m","time":"2018-04-01T10:08:27.612Z","v":0}
{"name":"hexo","hostname":"XTZJ-1703190316","pid":3304,"level":20,"msg":"Plugin loaded: \u001b[35mhexo-generator-index\u001b[39m","time":"2018-04-01T10:08:27.615Z","v":0}
{"name":"hexo","hostname":"XTZJ-1703190316","pid":3304,"level":20,"msg":"Plugin loaded: \u001b[35mhexo-renderer-stylus\u001b[39m","time":"2018-04-01T10:08:27.617Z","v":0}
{"name":"hexo","hostname":"XTZJ-1703190316","pid":3304,"level":20,"msg":"Plugin loaded: \u001b[35mhexo-generator-tag\u001b[39m","time":"2018-04-01T10:08:27.620Z","v":0}
{"name":"hexo","hostname":"XTZJ-1703190316","pid":3304,"level":20,"msg":"Plugin loaded: \u001b[35mhexo-renderer-marked\u001b[39m","time":"2018-04-01T10:08:27.628Z","v":0}
{"name":"hexo","hostname":"XTZJ-1703190316","pid":3304,"level":20,"msg":"Plugin loaded: \u001b[35mhexo-server\u001b[39m","time":"2018-04-01T10:08:27.769Z","v":0}
{"name":"hexo","hostname":"XTZJ-1703190316","pid":3304,"level":20,"msg":"Script loaded: \u001b[35mthemes\\landscape\\scripts\\fancybox.js\u001b[39m","time":"2018-04-01T10:08:27.791Z","v":0}
{"name":"hexo","hostname":"XTZJ-1703190316","pid":3304,"level":30,"msg":"Start processing","time":"2018-04-01T10:08:27.797Z","v":0}
{"name":"hexo","hostname":"XTZJ-1703190316","pid":3304,"level":20,"msg":"Theme config loaded.","time":"2018-04-01T10:08:27.841Z","v":0}
{"name":"hexo","hostname":"XTZJ-1703190316","pid":3304,"level":20,"msg":"Processed: \u001b[35m_config.yml\u001b[39m","time":"2018-04-01T10:08:27.842Z","v":0}
{"name":"hexo","hostname":"XTZJ-1703190316","pid":3304,"level":20,"msg":"Processed: \u001b[35msource/fancybox/blank.gif\u001b[39m","time":"2018-04-01T10:08:27.846Z","v":0}
{"name":"hexo","hostname":"XTZJ-1703190316","pid":3304,"level":20,"msg":"Processed: \u001b[35msource/fancybox/fancybox_loading.gif\u001b[39m","time":"2018-04-01T10:08:27.848Z","v":0}
{"name":"hexo","hostname":"XTZJ-1703190316","pid":3304,"level":20,"msg":"Processed: \u001b[35msource/fancybox/fancybox_loading@2x.gif\u001b[39m","time":"2018-04-01T10:08:27.850Z","v":0}
{"name":"hexo","hostname":"XTZJ-1703190316","pid":3304,"level":20,"msg":"Processed: \u001b[35msource/fancybox/fancybox_overlay.png\u001b[39m","time":"2018-04-01T10:08:27.852Z","v":0}
{"name":"hexo","hostname":"XTZJ-1703190316","pid":3304,"level":20,"msg":"Processed: \u001b[35msource/fancybox/fancybox_sprite.png\u001b[39m","time":"2018-04-01T10:08:27.854Z","v":0}
{"name":"hexo","hostname":"XTZJ-1703190316","pid":3304,"level":20,"msg":"Processed: \u001b[35msource/fancybox/fancybox_sprite@2x.png\u001b[39m","time":"2018-04-01T10:08:27.856Z","v":0}
{"name":"hexo","hostname":"XTZJ-1703190316","pid":3304,"level":20,"msg":"Processed: \u001b[35msource/fancybox/jquery.fancybox.js\u001b[39m","time":"2018-04-01T10:08:27.858Z","v":0}
{"name":"hexo","hostname":"XTZJ-1703190316","pid":3304,"level":20,"msg":"Processed: \u001b[35msource/fancybox/jquery.fancybox.css\u001b[39m","time":"2018-04-01T10:08:27.860Z","v":0}
{"name":"hexo","hostname":"XTZJ-1703190316","pid":3304,"level":20,"msg":"Processed: \u001b[35msource/fancybox/jquery.fancybox.pack.js\u001b[39m","time":"2018-04-01T10:08:27.867Z","v":0}
{"name":"hexo","hostname":"XTZJ-1703190316","pid":3304,"level":20,"msg":"Processed: \u001b[35msource/js/script.js\u001b[39m","time":"2018-04-01T10:08:27.869Z","v":0}
{"name":"hexo","hostname":"XTZJ-1703190316","pid":3304,"level":20,"msg":"Processed: \u001b[35msource/css/style.styl\u001b[39m","time":"2018-04-01T10:08:27.872Z","v":0}
{"name":"hexo","hostname":"XTZJ-1703190316","pid":3304,"level":20,"msg":"Processed: \u001b[35m_posts/hello-world.md\u001b[39m","time":"2018-04-01T10:08:27.899Z","v":0}
{"name":"hexo","hostname":"XTZJ-1703190316","pid":3304,"level":20,"msg":"Processed: \u001b[35mlanguages/default.yml\u001b[39m","time":"2018-04-01T10:08:27.907Z","v":0}
{"name":"hexo","hostname":"XTZJ-1703190316","pid":3304,"level":20,"msg":"Processed: \u001b[35mlanguages/de.yml\u001b[39m","time":"2018-04-01T10:08:27.908Z","v":0}
{"name":"hexo","hostname":"XTZJ-1703190316","pid":3304,"level":20,"msg":"Processed: \u001b[35mlanguages/es.yml\u001b[39m","time":"2018-04-01T10:08:27.909Z","v":0}
{"name":"hexo","hostname":"XTZJ-1703190316","pid":3304,"level":20,"msg":"Processed: \u001b[35mlanguages/fr.yml\u001b[39m","time":"2018-04-01T10:08:27.910Z","v":0}
{"name":"hexo","hostname":"XTZJ-1703190316","pid":3304,"level":20,"msg":"Processed: \u001b[35mlanguages/ko.yml\u001b[39m","time":"2018-04-01T10:08:27.911Z","v":0}
{"name":"hexo","hostname":"XTZJ-1703190316","pid":3304,"level":20,"msg":"Processed: \u001b[35mlanguages/ja.yml\u001b[39m","time":"2018-04-01T10:08:27.911Z","v":0}
{"name":"hexo","hostname":"XTZJ-1703190316","pid":3304,"level":20,"msg":"Processed: \u001b[35mlanguages/nl.yml\u001b[39m","time":"2018-04-01T10:08:27.913Z","v":0}
{"name":"hexo","hostname":"XTZJ-1703190316","pid":3304,"level":20,"msg":"Processed: \u001b[35mlanguages/no.yml\u001b[39m","time":"2018-04-01T10:08:27.913Z","v":0}
{"name":"hexo","hostname":"XTZJ-1703190316","pid":3304,"level":20,"msg":"Processed: \u001b[35mlanguages/ru.yml\u001b[39m","time":"2018-04-01T10:08:27.915Z","v":0}
{"name":"hexo","hostname":"XTZJ-1703190316","pid":3304,"level":20,"msg":"Processed: \u001b[35mlanguages/zh-TW.yml\u001b[39m","time":"2018-04-01T10:08:27.915Z","v":0}
{"name":"hexo","hostname":"XTZJ-1703190316","pid":3304,"level":20,"msg":"Processed: \u001b[35mlanguages/pt.yml\u001b[39m","time":"2018-04-01T10:08:27.918Z","v":0}
{"name":"hexo","hostname":"XTZJ-1703190316","pid":3304,"level":20,"msg":"Processed: \u001b[35mlanguages/zh-CN.yml\u001b[39m","time":"2018-04-01T10:08:27.919Z","v":0}
{"name":"hexo","hostname":"XTZJ-1703190316","pid":3304,"level":20,"msg":"Processed: \u001b[35msource/fancybox/helpers/fancybox_buttons.png\u001b[39m","time":"2018-04-01T10:08:27.927Z","v":0}
{"name":"hexo","hostname":"XTZJ-1703190316","pid":3304,"level":20,"msg":"Processed: \u001b[35msource/fancybox/helpers/jquery.fancybox-buttons.css\u001b[39m","time":"2018-04-01T10:08:27.929Z","v":0}
{"name":"hexo","hostname":"XTZJ-1703190316","pid":3304,"level":20,"msg":"Processed: \u001b[35msource/fancybox/helpers/jquery.fancybox-buttons.js\u001b[39m","time":"2018-04-01T10:08:27.930Z","v":0}
{"name":"hexo","hostname":"XTZJ-1703190316","pid":3304,"level":20,"msg":"Processed: \u001b[35msource/fancybox/helpers/jquery.fancybox-media.js\u001b[39m","time":"2018-04-01T10:08:27.932Z","v":0}
{"name":"hexo","hostname":"XTZJ-1703190316","pid":3304,"level":20,"msg":"Processed: \u001b[35msource/fancybox/helpers/jquery.fancybox-thumbs.js\u001b[39m","time":"2018-04-01T10:08:27.933Z","v":0}
{"name":"hexo","hostname":"XTZJ-1703190316","pid":3304,"level":20,"msg":"Processed: \u001b[35msource/fancybox/helpers/jquery.fancybox-thumbs.css\u001b[39m","time":"2018-04-01T10:08:27.934Z","v":0}
{"name":"hexo","hostname":"XTZJ-1703190316","pid":3304,"level":20,"msg":"Processed: \u001b[35msource/css/fonts/fontawesome-webfont.eot\u001b[39m","time":"2018-04-01T10:08:27.939Z","v":0}
{"name":"hexo","hostname":"XTZJ-1703190316","pid":3304,"level":20,"msg":"Processed: \u001b[35msource/css/fonts/FontAwesome.otf\u001b[39m","time":"2018-04-01T10:08:27.942Z","v":0}
{"name":"hexo","hostname":"XTZJ-1703190316","pid":3304,"level":20,"msg":"Processed: \u001b[35msource/css/fonts/fontawesome-webfont.woff\u001b[39m","time":"2018-04-01T10:08:27.943Z","v":0}
{"name":"hexo","hostname":"XTZJ-1703190316","pid":3304,"level":20,"msg":"Processed: \u001b[35mlayout/archive.ejs\u001b[39m","time":"2018-04-01T10:08:27.975Z","v":0}
{"name":"hexo","hostname":"XTZJ-1703190316","pid":3304,"level":20,"msg":"Processed: \u001b[35mlayout/index.ejs\u001b[39m","time":"2018-04-01T10:08:27.978Z","v":0}
{"name":"hexo","hostname":"XTZJ-1703190316","pid":3304,"level":20,"msg":"Processed: \u001b[35mlayout/category.ejs\u001b[39m","time":"2018-04-01T10:08:27.979Z","v":0}
{"name":"hexo","hostname":"XTZJ-1703190316","pid":3304,"level":20,"msg":"Processed: \u001b[35mlayout/post.ejs\u001b[39m","time":"2018-04-01T10:08:27.979Z","v":0}
{"name":"hexo","hostname":"XTZJ-1703190316","pid":3304,"level":20,"msg":"Processed: \u001b[35mlayout/layout.ejs\u001b[39m","time":"2018-04-01T10:08:27.979Z","v":0}
{"name":"hexo","hostname":"XTZJ-1703190316","pid":3304,"level":20,"msg":"Processed: \u001b[35mlayout/page.ejs\u001b[39m","time":"2018-04-01T10:08:27.980Z","v":0}
{"name":"hexo","hostname":"XTZJ-1703190316","pid":3304,"level":20,"msg":"Processed: \u001b[35mlayout/tag.ejs\u001b[39m","time":"2018-04-01T10:08:27.981Z","v":0}
{"name":"hexo","hostname":"XTZJ-1703190316","pid":3304,"level":20,"msg":"Processed: \u001b[35msource/css/fonts/fontawesome-webfont.ttf\u001b[39m","time":"2018-04-01T10:08:27.982Z","v":0}
{"name":"hexo","hostname":"XTZJ-1703190316","pid":3304,"level":20,"msg":"Processed: \u001b[35mlayout/_widget/archive.ejs\u001b[39m","time":"2018-04-01T10:08:27.989Z","v":0}
{"name":"hexo","hostname":"XTZJ-1703190316","pid":3304,"level":20,"msg":"Processed: \u001b[35mlayout/_widget/category.ejs\u001b[39m","time":"2018-04-01T10:08:27.990Z","v":0}
{"name":"hexo","hostname":"XTZJ-1703190316","pid":3304,"level":20,"msg":"Processed: \u001b[35mlayout/_widget/tagcloud.ejs\u001b[39m","time":"2018-04-01T10:08:27.990Z","v":0}
{"name":"hexo","hostname":"XTZJ-1703190316","pid":3304,"level":20,"msg":"Processed: \u001b[35mlayout/_widget/tag.ejs\u001b[39m","time":"2018-04-01T10:08:27.991Z","v":0}
{"name":"hexo","hostname":"XTZJ-1703190316","pid":3304,"level":20,"msg":"Processed: \u001b[35mlayout/_partial/after-footer.ejs\u001b[39m","time":"2018-04-01T10:08:27.991Z","v":0}
{"name":"hexo","hostname":"XTZJ-1703190316","pid":3304,"level":20,"msg":"Processed: \u001b[35mlayout/_widget/recent_posts.ejs\u001b[39m","time":"2018-04-01T10:08:27.992Z","v":0}
{"name":"hexo","hostname":"XTZJ-1703190316","pid":3304,"level":20,"msg":"Processed: \u001b[35mlayout/_partial/archive.ejs\u001b[39m","time":"2018-04-01T10:08:27.995Z","v":0}
{"name":"hexo","hostname":"XTZJ-1703190316","pid":3304,"level":20,"msg":"Processed: \u001b[35mlayout/_partial/article.ejs\u001b[39m","time":"2018-04-01T10:08:27.996Z","v":0}
{"name":"hexo","hostname":"XTZJ-1703190316","pid":3304,"level":20,"msg":"Processed: \u001b[35mlayout/_partial/archive-post.ejs\u001b[39m","time":"2018-04-01T10:08:27.997Z","v":0}
{"name":"hexo","hostname":"XTZJ-1703190316","pid":3304,"level":20,"msg":"Processed: \u001b[35mlayout/_partial/google-analytics.ejs\u001b[39m","time":"2018-04-01T10:08:27.998Z","v":0}
{"name":"hexo","hostname":"XTZJ-1703190316","pid":3304,"level":20,"msg":"Processed: \u001b[35mlayout/_partial/gauges-analytics.ejs\u001b[39m","time":"2018-04-01T10:08:28.002Z","v":0}
{"name":"hexo","hostname":"XTZJ-1703190316","pid":3304,"level":20,"msg":"Processed: \u001b[35mlayout/_partial/footer.ejs\u001b[39m","time":"2018-04-01T10:08:28.004Z","v":0}
{"name":"hexo","hostname":"XTZJ-1703190316","pid":3304,"level":20,"msg":"Processed: \u001b[35mlayout/_partial/head.ejs\u001b[39m","time":"2018-04-01T10:08:28.004Z","v":0}
{"name":"hexo","hostname":"XTZJ-1703190316","pid":3304,"level":20,"msg":"Processed: \u001b[35mlayout/_partial/mobile-nav.ejs\u001b[39m","time":"2018-04-01T10:08:28.005Z","v":0}
{"name":"hexo","hostname":"XTZJ-1703190316","pid":3304,"level":20,"msg":"Processed: \u001b[35mlayout/_partial/header.ejs\u001b[39m","time":"2018-04-01T10:08:28.005Z","v":0}
{"name":"hexo","hostname":"XTZJ-1703190316","pid":3304,"level":20,"msg":"Processed: \u001b[35mlayout/_partial/sidebar.ejs\u001b[39m","time":"2018-04-01T10:08:28.006Z","v":0}
{"name":"hexo","hostname":"XTZJ-1703190316","pid":3304,"level":20,"msg":"Processed: \u001b[35msource/css/fonts/fontawesome-webfont.svg\u001b[39m","time":"2018-04-01T10:08:28.007Z","v":0}
{"name":"hexo","hostname":"XTZJ-1703190316","pid":3304,"level":20,"msg":"Processed: \u001b[35mlayout/_partial/post/category.ejs\u001b[39m","time":"2018-04-01T10:08:28.010Z","v":0}
{"name":"hexo","hostname":"XTZJ-1703190316","pid":3304,"level":20,"msg":"Processed: \u001b[35mlayout/_partial/post/gallery.ejs\u001b[39m","time":"2018-04-01T10:08:28.011Z","v":0}
{"name":"hexo","hostname":"XTZJ-1703190316","pid":3304,"level":20,"msg":"Processed: \u001b[35mlayout/_partial/post/date.ejs\u001b[39m","time":"2018-04-01T10:08:28.011Z","v":0}
{"name":"hexo","hostname":"XTZJ-1703190316","pid":3304,"level":20,"msg":"Processed: \u001b[35mlayout/_partial/post/tag.ejs\u001b[39m","time":"2018-04-01T10:08:28.012Z","v":0}
{"name":"hexo","hostname":"XTZJ-1703190316","pid":3304,"level":20,"msg":"Processed: \u001b[35mlayout/_partial/post/title.ejs\u001b[39m","time":"2018-04-01T10:08:28.012Z","v":0}
{"name":"hexo","hostname":"XTZJ-1703190316","pid":3304,"level":20,"msg":"Processed: \u001b[35mlayout/_partial/post/nav.ejs\u001b[39m","time":"2018-04-01T10:08:28.012Z","v":0}
{"name":"hexo","hostname":"XTZJ-1703190316","pid":3304,"level":20,"msg":"Processed: \u001b[35msource/css/images/banner.jpg\u001b[39m","time":"2018-04-01T10:08:28.013Z","v":0}
{"name":"hexo","hostname":"XTZJ-1703190316","pid":3304,"level":20,"msg":"Generator: \u001b[35mpage\u001b[39m","time":"2018-04-01T10:08:28.297Z","v":0}
{"name":"hexo","hostname":"XTZJ-1703190316","pid":3304,"level":20,"msg":"Generator: \u001b[35mpost\u001b[39m","time":"2018-04-01T10:08:28.307Z","v":0}
{"name":"hexo","hostname":"XTZJ-1703190316","pid":3304,"level":20,"msg":"Generator: \u001b[35marchive\u001b[39m","time":"2018-04-01T10:08:28.309Z","v":0}
{"name":"hexo","hostname":"XTZJ-1703190316","pid":3304,"level":20,"msg":"Generator: \u001b[35mcategory\u001b[39m","time":"2018-04-01T10:08:28.310Z","v":0}
{"name":"hexo","hostname":"XTZJ-1703190316","pid":3304,"level":20,"msg":"Generator: \u001b[35mindex\u001b[39m","time":"2018-04-01T10:08:28.310Z","v":0}
{"name":"hexo","hostname":"XTZJ-1703190316","pid":3304,"level":20,"msg":"Generator: \u001b[35mtag\u001b[39m","time":"2018-04-01T10:08:28.310Z","v":0}
{"name":"hexo","hostname":"XTZJ-1703190316","pid":3304,"level":20,"msg":"Generator: \u001b[35masset\u001b[39m","time":"2018-04-01T10:08:28.312Z","v":0}
{"name":"hexo","hostname":"XTZJ-1703190316","pid":3304,"level":30,"msg":"Hexo is running at \u001b[4mhttp://localhost:4000/\u001b[24m. Press Ctrl+C to stop.","time":"2018-04-01T10:08:28.315Z","v":0}
{"name":"hexo","hostname":"XTZJ-1703190316","pid":3304,"level":20,"msg":"Database saved","time":"2018-04-01T10:08:28.323Z","v":0}
{"name":"hexo","hostname":"XTZJ-1703190316","pid":3304,"level":20,"msg":"Rendering index: \u001b[35mindex.html\u001b[39m","time":"2018-04-01T10:08:52.566Z","v":0}
{"name":"hexo","hostname":"XTZJ-1703190316","pid":3304,"level":20,"msg":"Rendering index: \u001b[35mindex.html\u001b[39m","time":"2018-04-01T10:10:36.745Z","v":0}
{"name":"hexo","hostname":"XTZJ-1703190316","pid":5884,"level":20,"msg":"Hexo version: \u001b[35m3.7.0\u001b[39m","time":"2018-04-01T10:34:39.596Z","v":0}
{"name":"hexo","hostname":"XTZJ-1703190316","pid":5884,"level":20,"msg":"Working directory: \u001b[35m~\\Documents\\GitHub\\Archetype\\\u001b[39m","time":"2018-04-01T10:34:39.599Z","v":0}
{"name":"hexo","hostname":"XTZJ-1703190316","pid":5884,"level":20,"msg":"Config loaded: \u001b[35m~\\Documents\\GitHub\\Archetype\\_config.yml\u001b[39m","time":"2018-04-01T10:34:39.783Z","v":0}
{"name":"hexo","hostname":"XTZJ-1703190316","pid":5884,"level":20,"msg":"Plugin loaded: \u001b[35mhexo-generator-archive\u001b[39m","time":"2018-04-01T10:34:39.809Z","v":0}
{"name":"hexo","hostname":"XTZJ-1703190316","pid":5884,"level":20,"msg":"Plugin loaded: \u001b[35mhexo-renderer-ejs\u001b[39m","time":"2018-04-01T10:34:39.816Z","v":0}
{"name":"hexo","hostname":"XTZJ-1703190316","pid":5884,"level":20,"msg":"Plugin loaded: \u001b[35mhexo-generator-tag\u001b[39m","time":"2018-04-01T10:34:39.819Z","v":0}
{"name":"hexo","hostname":"XTZJ-1703190316","pid":5884,"level":20,"msg":"Plugin loaded: \u001b[35mhexo-generator-index\u001b[39m","time":"2018-04-01T10:34:39.821Z","v":0}
{"name":"hexo","hostname":"XTZJ-1703190316","pid":5884,"level":20,"msg":"Plugin loaded: \u001b[35mhexo-generator-category\u001b[39m","time":"2018-04-01T10:34:39.826Z","v":0}
{"name":"hexo","hostname":"XTZJ-1703190316","pid":5884,"level":20,"msg":"Plugin loaded: \u001b[35mhexo-renderer-stylus\u001b[39m","time":"2018-04-01T10:34:39.826Z","v":0}
{"name":"hexo","hostname":"XTZJ-1703190316","pid":5884,"level":20,"msg":"Plugin loaded: \u001b[35mhexo-renderer-marked\u001b[39m","time":"2018-04-01T10:34:39.835Z","v":0}
{"name":"hexo","hostname":"XTZJ-1703190316","pid":5884,"level":20,"msg":"Plugin loaded: \u001b[35mhexo-server\u001b[39m","time":"2018-04-01T10:34:39.977Z","v":0}
{"name":"hexo","hostname":"XTZJ-1703190316","pid":5884,"level":20,"msg":"Script loaded: \u001b[35mthemes\\landscape\\scripts\\fancybox.js\u001b[39m","time":"2018-04-01T10:34:39.980Z","v":0}
{"name":"hexo","hostname":"XTZJ-1703190316","pid":5884,"level":20,"msg":"Loading database.","time":"2018-04-01T10:34:39.986Z","v":0}
{"name":"hexo","hostname":"XTZJ-1703190316","pid":5884,"level":30,"msg":"Start processing","time":"2018-04-01T10:34:39.992Z","v":0}
{"name":"hexo","hostname":"XTZJ-1703190316","pid":5884,"level":20,"msg":"Theme config loaded.","time":"2018-04-01T10:34:40.048Z","v":0}
{"name":"hexo","hostname":"XTZJ-1703190316","pid":5884,"level":20,"msg":"Processed: \u001b[35m_config.yml\u001b[39m","time":"2018-04-01T10:34:40.053Z","v":0}
{"name":"hexo","hostname":"XTZJ-1703190316","pid":5884,"level":20,"msg":"Processed: \u001b[35msource/js/script.js\u001b[39m","time":"2018-04-01T10:34:40.057Z","v":0}
{"name":"hexo","hostname":"XTZJ-1703190316","pid":5884,"level":20,"msg":"Processed: \u001b[35msource/css/style.styl\u001b[39m","time":"2018-04-01T10:34:40.058Z","v":0}
{"name":"hexo","hostname":"XTZJ-1703190316","pid":5884,"level":20,"msg":"Processed: \u001b[35msource/fancybox/blank.gif\u001b[39m","time":"2018-04-01T10:34:40.059Z","v":0}
{"name":"hexo","hostname":"XTZJ-1703190316","pid":5884,"level":20,"msg":"Processed: \u001b[35msource/fancybox/fancybox_loading@2x.gif\u001b[39m","time":"2018-04-01T10:34:40.060Z","v":0}
{"name":"hexo","hostname":"XTZJ-1703190316","pid":5884,"level":20,"msg":"Processed: \u001b[35msource/fancybox/fancybox_sprite.png\u001b[39m","time":"2018-04-01T10:34:40.061Z","v":0}
{"name":"hexo","hostname":"XTZJ-1703190316","pid":5884,"level":20,"msg":"Processed: \u001b[35msource/fancybox/fancybox_loading.gif\u001b[39m","time":"2018-04-01T10:34:40.061Z","v":0}
{"name":"hexo","hostname":"XTZJ-1703190316","pid":5884,"level":20,"msg":"Processed: \u001b[35msource/fancybox/fancybox_sprite@2x.png\u001b[39m","time":"2018-04-01T10:34:40.063Z","v":0}
{"name":"hexo","hostname":"XTZJ-1703190316","pid":5884,"level":20,"msg":"Processed: \u001b[35msource/fancybox/fancybox_overlay.png\u001b[39m","time":"2018-04-01T10:34:40.064Z","v":0}
{"name":"hexo","hostname":"XTZJ-1703190316","pid":5884,"level":20,"msg":"Processed: \u001b[35msource/fancybox/jquery.fancybox.css\u001b[39m","time":"2018-04-01T10:34:40.064Z","v":0}
{"name":"hexo","hostname":"XTZJ-1703190316","pid":5884,"level":20,"msg":"Processed: \u001b[35msource/fancybox/jquery.fancybox.js\u001b[39m","time":"2018-04-01T10:34:40.065Z","v":0}
{"name":"hexo","hostname":"XTZJ-1703190316","pid":5884,"level":20,"msg":"Processed: \u001b[35msource/fancybox/jquery.fancybox.pack.js\u001b[39m","time":"2018-04-01T10:34:40.068Z","v":0}
{"name":"hexo","hostname":"XTZJ-1703190316","pid":5884,"level":20,"msg":"Processed: \u001b[35m_posts/hello-world.md\u001b[39m","time":"2018-04-01T10:34:40.085Z","v":0}
{"name":"hexo","hostname":"XTZJ-1703190316","pid":5884,"level":20,"msg":"Processed: \u001b[35mlanguages/de.yml\u001b[39m","time":"2018-04-01T10:34:40.086Z","v":0}
{"name":"hexo","hostname":"XTZJ-1703190316","pid":5884,"level":20,"msg":"Processed: \u001b[35mlanguages/default.yml\u001b[39m","time":"2018-04-01T10:34:40.088Z","v":0}
{"name":"hexo","hostname":"XTZJ-1703190316","pid":5884,"level":20,"msg":"Processed: \u001b[35mlanguages/fr.yml\u001b[39m","time":"2018-04-01T10:34:40.091Z","v":0}
{"name":"hexo","hostname":"XTZJ-1703190316","pid":5884,"level":20,"msg":"Processed: \u001b[35mlanguages/ko.yml\u001b[39m","time":"2018-04-01T10:34:40.092Z","v":0}
{"name":"hexo","hostname":"XTZJ-1703190316","pid":5884,"level":20,"msg":"Processed: \u001b[35mlanguages/ja.yml\u001b[39m","time":"2018-04-01T10:34:40.093Z","v":0}
{"name":"hexo","hostname":"XTZJ-1703190316","pid":5884,"level":20,"msg":"Processed: \u001b[35mlanguages/nl.yml\u001b[39m","time":"2018-04-01T10:34:40.094Z","v":0}
{"name":"hexo","hostname":"XTZJ-1703190316","pid":5884,"level":20,"msg":"Processed: \u001b[35mlanguages/es.yml\u001b[39m","time":"2018-04-01T10:34:40.094Z","v":0}
{"name":"hexo","hostname":"XTZJ-1703190316","pid":5884,"level":20,"msg":"Processed: \u001b[35mlanguages/no.yml\u001b[39m","time":"2018-04-01T10:34:40.095Z","v":0}
{"name":"hexo","hostname":"XTZJ-1703190316","pid":5884,"level":20,"msg":"Processed: \u001b[35mlanguages/pt.yml\u001b[39m","time":"2018-04-01T10:34:40.096Z","v":0}
{"name":"hexo","hostname":"XTZJ-1703190316","pid":5884,"level":20,"msg":"Processed: \u001b[35mlanguages/ru.yml\u001b[39m","time":"2018-04-01T10:34:40.097Z","v":0}
{"name":"hexo","hostname":"XTZJ-1703190316","pid":5884,"level":20,"msg":"Processed: \u001b[35mlanguages/zh-TW.yml\u001b[39m","time":"2018-04-01T10:34:40.098Z","v":0}
{"name":"hexo","hostname":"XTZJ-1703190316","pid":5884,"level":20,"msg":"Processed: \u001b[35mlanguages/zh-CN.yml\u001b[39m","time":"2018-04-01T10:34:40.099Z","v":0}
{"name":"hexo","hostname":"XTZJ-1703190316","pid":5884,"level":20,"msg":"Processed: \u001b[35mlayout/category.ejs\u001b[39m","time":"2018-04-01T10:34:40.130Z","v":0}
{"name":"hexo","hostname":"XTZJ-1703190316","pid":5884,"level":20,"msg":"Processed: \u001b[35mlayout/archive.ejs\u001b[39m","time":"2018-04-01T10:34:40.132Z","v":0}
{"name":"hexo","hostname":"XTZJ-1703190316","pid":5884,"level":20,"msg":"Processed: \u001b[35mlayout/index.ejs\u001b[39m","time":"2018-04-01T10:34:40.135Z","v":0}
{"name":"hexo","hostname":"XTZJ-1703190316","pid":5884,"level":20,"msg":"Processed: \u001b[35mlayout/page.ejs\u001b[39m","time":"2018-04-01T10:34:40.137Z","v":0}
{"name":"hexo","hostname":"XTZJ-1703190316","pid":5884,"level":20,"msg":"Processed: \u001b[35mlayout/layout.ejs\u001b[39m","time":"2018-04-01T10:34:40.138Z","v":0}
{"name":"hexo","hostname":"XTZJ-1703190316","pid":5884,"level":20,"msg":"Processed: \u001b[35msource/css/fonts/FontAwesome.otf\u001b[39m","time":"2018-04-01T10:34:40.140Z","v":0}
{"name":"hexo","hostname":"XTZJ-1703190316","pid":5884,"level":20,"msg":"Processed: \u001b[35msource/css/fonts/fontawesome-webfont.eot\u001b[39m","time":"2018-04-01T10:34:40.141Z","v":0}
{"name":"hexo","hostname":"XTZJ-1703190316","pid":5884,"level":20,"msg":"Processed: \u001b[35msource/css/fonts/fontawesome-webfont.woff\u001b[39m","time":"2018-04-01T10:34:40.143Z","v":0}
{"name":"hexo","hostname":"XTZJ-1703190316","pid":5884,"level":20,"msg":"Processed: \u001b[35msource/fancybox/helpers/jquery.fancybox-buttons.css\u001b[39m","time":"2018-04-01T10:34:40.144Z","v":0}
{"name":"hexo","hostname":"XTZJ-1703190316","pid":5884,"level":20,"msg":"Processed: \u001b[35msource/fancybox/helpers/fancybox_buttons.png\u001b[39m","time":"2018-04-01T10:34:40.144Z","v":0}
{"name":"hexo","hostname":"XTZJ-1703190316","pid":5884,"level":20,"msg":"Processed: \u001b[35msource/fancybox/helpers/jquery.fancybox-media.js\u001b[39m","time":"2018-04-01T10:34:40.145Z","v":0}
{"name":"hexo","hostname":"XTZJ-1703190316","pid":5884,"level":20,"msg":"Processed: \u001b[35msource/fancybox/helpers/jquery.fancybox-buttons.js\u001b[39m","time":"2018-04-01T10:34:40.147Z","v":0}
{"name":"hexo","hostname":"XTZJ-1703190316","pid":5884,"level":20,"msg":"Processed: \u001b[35msource/fancybox/helpers/jquery.fancybox-thumbs.css\u001b[39m","time":"2018-04-01T10:34:40.148Z","v":0}
{"name":"hexo","hostname":"XTZJ-1703190316","pid":5884,"level":20,"msg":"Processed: \u001b[35msource/fancybox/helpers/jquery.fancybox-thumbs.js\u001b[39m","time":"2018-04-01T10:34:40.149Z","v":0}
{"name":"hexo","hostname":"XTZJ-1703190316","pid":5884,"level":20,"msg":"Processed: \u001b[35mlayout/tag.ejs\u001b[39m","time":"2018-04-01T10:34:40.156Z","v":0}
{"name":"hexo","hostname":"XTZJ-1703190316","pid":5884,"level":20,"msg":"Processed: \u001b[35mlayout/post.ejs\u001b[39m","time":"2018-04-01T10:34:40.157Z","v":0}
{"name":"hexo","hostname":"XTZJ-1703190316","pid":5884,"level":20,"msg":"Processed: \u001b[35mlayout/_partial/after-footer.ejs\u001b[39m","time":"2018-04-01T10:34:40.159Z","v":0}
{"name":"hexo","hostname":"XTZJ-1703190316","pid":5884,"level":20,"msg":"Processed: \u001b[35mlayout/_partial/archive.ejs\u001b[39m","time":"2018-04-01T10:34:40.160Z","v":0}
{"name":"hexo","hostname":"XTZJ-1703190316","pid":5884,"level":20,"msg":"Processed: \u001b[35mlayout/_partial/gauges-analytics.ejs\u001b[39m","time":"2018-04-01T10:34:40.161Z","v":0}
{"name":"hexo","hostname":"XTZJ-1703190316","pid":5884,"level":20,"msg":"Processed: \u001b[35mlayout/_partial/archive-post.ejs\u001b[39m","time":"2018-04-01T10:34:40.161Z","v":0}
{"name":"hexo","hostname":"XTZJ-1703190316","pid":5884,"level":20,"msg":"Processed: \u001b[35mlayout/_partial/article.ejs\u001b[39m","time":"2018-04-01T10:34:40.162Z","v":0}
{"name":"hexo","hostname":"XTZJ-1703190316","pid":5884,"level":20,"msg":"Processed: \u001b[35mlayout/_partial/head.ejs\u001b[39m","time":"2018-04-01T10:34:40.162Z","v":0}
{"name":"hexo","hostname":"XTZJ-1703190316","pid":5884,"level":20,"msg":"Processed: \u001b[35mlayout/_partial/header.ejs\u001b[39m","time":"2018-04-01T10:34:40.164Z","v":0}
{"name":"hexo","hostname":"XTZJ-1703190316","pid":5884,"level":20,"msg":"Processed: \u001b[35mlayout/_partial/google-analytics.ejs\u001b[39m","time":"2018-04-01T10:34:40.164Z","v":0}
{"name":"hexo","hostname":"XTZJ-1703190316","pid":5884,"level":20,"msg":"Processed: \u001b[35mlayout/_partial/footer.ejs\u001b[39m","time":"2018-04-01T10:34:40.169Z","v":0}
{"name":"hexo","hostname":"XTZJ-1703190316","pid":5884,"level":20,"msg":"Processed: \u001b[35mlayout/_partial/mobile-nav.ejs\u001b[39m","time":"2018-04-01T10:34:40.170Z","v":0}
{"name":"hexo","hostname":"XTZJ-1703190316","pid":5884,"level":20,"msg":"Processed: \u001b[35msource/css/fonts/fontawesome-webfont.ttf\u001b[39m","time":"2018-04-01T10:34:40.172Z","v":0}
{"name":"hexo","hostname":"XTZJ-1703190316","pid":5884,"level":20,"msg":"Processed: \u001b[35mlayout/_partial/sidebar.ejs\u001b[39m","time":"2018-04-01T10:34:40.175Z","v":0}
{"name":"hexo","hostname":"XTZJ-1703190316","pid":5884,"level":20,"msg":"Processed: \u001b[35mlayout/_widget/archive.ejs\u001b[39m","time":"2018-04-01T10:34:40.175Z","v":0}
{"name":"hexo","hostname":"XTZJ-1703190316","pid":5884,"level":20,"msg":"Processed: \u001b[35mlayout/_widget/recent_posts.ejs\u001b[39m","time":"2018-04-01T10:34:40.176Z","v":0}
{"name":"hexo","hostname":"XTZJ-1703190316","pid":5884,"level":20,"msg":"Processed: \u001b[35mlayout/_widget/tag.ejs\u001b[39m","time":"2018-04-01T10:34:40.177Z","v":0}
{"name":"hexo","hostname":"XTZJ-1703190316","pid":5884,"level":20,"msg":"Processed: \u001b[35mlayout/_widget/tagcloud.ejs\u001b[39m","time":"2018-04-01T10:34:40.178Z","v":0}
{"name":"hexo","hostname":"XTZJ-1703190316","pid":5884,"level":20,"msg":"Processed: \u001b[35mlayout/_widget/category.ejs\u001b[39m","time":"2018-04-01T10:34:40.179Z","v":0}
{"name":"hexo","hostname":"XTZJ-1703190316","pid":5884,"level":20,"msg":"Processed: \u001b[35mlayout/_partial/post/gallery.ejs\u001b[39m","time":"2018-04-01T10:34:40.182Z","v":0}
{"name":"hexo","hostname":"XTZJ-1703190316","pid":5884,"level":20,"msg":"Processed: \u001b[35mlayout/_partial/post/date.ejs\u001b[39m","time":"2018-04-01T10:34:40.185Z","v":0}
{"name":"hexo","hostname":"XTZJ-1703190316","pid":5884,"level":20,"msg":"Processed: \u001b[35mlayout/_partial/post/category.ejs\u001b[39m","time":"2018-04-01T10:34:40.186Z","v":0}
{"name":"hexo","hostname":"XTZJ-1703190316","pid":5884,"level":20,"msg":"Processed: \u001b[35mlayout/_partial/post/nav.ejs\u001b[39m","time":"2018-04-01T10:34:40.187Z","v":0}
{"name":"hexo","hostname":"XTZJ-1703190316","pid":5884,"level":20,"msg":"Processed: \u001b[35mlayout/_partial/post/tag.ejs\u001b[39m","time":"2018-04-01T10:34:40.188Z","v":0}
{"name":"hexo","hostname":"XTZJ-1703190316","pid":5884,"level":20,"msg":"Processed: \u001b[35msource/css/fonts/fontawesome-webfont.svg\u001b[39m","time":"2018-04-01T10:34:40.189Z","v":0}
{"name":"hexo","hostname":"XTZJ-1703190316","pid":5884,"level":20,"msg":"Processed: \u001b[35msource/css/images/banner.jpg\u001b[39m","time":"2018-04-01T10:34:40.189Z","v":0}
{"name":"hexo","hostname":"XTZJ-1703190316","pid":5884,"level":20,"msg":"Processed: \u001b[35mlayout/_partial/post/title.ejs\u001b[39m","time":"2018-04-01T10:34:40.190Z","v":0}
{"name":"hexo","hostname":"XTZJ-1703190316","pid":5884,"level":20,"msg":"Generator: \u001b[35mpage\u001b[39m","time":"2018-04-01T10:34:40.435Z","v":0}
{"name":"hexo","hostname":"XTZJ-1703190316","pid":5884,"level":20,"msg":"Generator: \u001b[35mpost\u001b[39m","time":"2018-04-01T10:34:40.440Z","v":0}
{"name":"hexo","hostname":"XTZJ-1703190316","pid":5884,"level":20,"msg":"Generator: \u001b[35marchive\u001b[39m","time":"2018-04-01T10:34:40.442Z","v":0}
{"name":"hexo","hostname":"XTZJ-1703190316","pid":5884,"level":20,"msg":"Generator: \u001b[35mtag\u001b[39m","time":"2018-04-01T10:34:40.442Z","v":0}
{"name":"hexo","hostname":"XTZJ-1703190316","pid":5884,"level":20,"msg":"Generator: \u001b[35mindex\u001b[39m","time":"2018-04-01T10:34:40.443Z","v":0}
{"name":"hexo","hostname":"XTZJ-1703190316","pid":5884,"level":20,"msg":"Generator: \u001b[35mcategory\u001b[39m","time":"2018-04-01T10:34:40.444Z","v":0}
{"name":"hexo","hostname":"XTZJ-1703190316","pid":5884,"level":20,"msg":"Generator: \u001b[35masset\u001b[39m","time":"2018-04-01T10:34:40.446Z","v":0}
{"name":"hexo","hostname":"XTZJ-1703190316","pid":5884,"level":30,"msg":"Hexo is running at \u001b[4mhttp://localhost:4000/\u001b[24m. Press Ctrl+C to stop.","time":"2018-04-01T10:34:40.449Z","v":0}
{"name":"hexo","hostname":"XTZJ-1703190316","pid":5884,"level":20,"msg":"Database saved","time":"2018-04-01T10:34:40.453Z","v":0}
